Build target 'smart_system'
compiling esp8266_cilent.c...
..\HARDWARE\esp8266_cilent.c(60): warning:  #223-D: function "Usart1_SendString" declared implicitly
        Usart1_SendString((unsigned char *)cmd, strlen((const char *)cmd));
..\HARDWARE\esp8266_cilent.c(68): warning:  #223-D: function "ESP8266_Cli_Clear" declared implicitly
                                ESP8266_Cli_Clear();                                                                    //清空缓存
..\HARDWARE\esp8266_cilent.c(74): warning:  #223-D: function "delay_ms" declared implicitly
                delay_ms(10);
..\HARDWARE\esp8266_cilent.c(89): warning:  #223-D: function "ESP8266_Sys_Clear" declared implicitly
        ESP8266_Sys_Clear();                                                            //清空接收缓存
..\HARDWARE\esp8266_cilent.c(93): warning:  #223-D: function "Usart3_SendString" declared implicitly
                Usart3_SendString(data, len);           //发送设备连接请求数据
..\HARDWARE\esp8266_cilent.c(101): warning:  #223-D: function "ESP8266_SendCmd" declared implicitly
        while(ESP8266_SendCmd("AT+CIPMUX=1\r\n", "OK", 200))
..\HARDWARE\esp8266_cilent.c(102): warning:  #223-D: function "delay_ms" declared implicitly
                delay_ms(500);  
..\HARDWARE\esp8266_cilent.c(113): error:  #20: identifier "ESP8266_WIFI_INFO" is undefined
        while(ESP8266_SendCmd(ESP8266_WIFI_INFO, "GOT IP", 200))
..\HARDWARE\esp8266_cilent.c(115): error:  #20: identifier "AT" is undefined
        AT+CIPMUX=1
..\HARDWARE\esp8266_cilent.c(115): error:  #20: identifier "CIPMUX" is undefined
        AT+CIPMUX=1
..\HARDWARE\esp8266_cilent.c(116): error:  #65: expected a ";"
        AT+CIPSERVER=1
..\HARDWARE\esp8266_cilent.c(119): error:  #20: identifier "ESP8266_ONENET_INFO" is undefined
        while(ESP8266_SendCmd(ESP8266_ONENET_INFO, "CONNECT", 200))
..\HARDWARE\esp8266_cilent.c(133): error:  #20: identifier "RCC_APB2Periph_GPIOD" is undefined
        RCC_APB2PeriphClockCmd(RCC_APB2Periph_GPIOD, ENABLE);
..\HARDWARE\esp8266_cilent.c(136): error:  #20: identifier "GPIO_Mode_Out" is undefined
        GPIO_Initure.GPIO_Mode = GPIO_Mode_Out;
..\HARDWARE\esp8266_cilent.c(142): warning:  #223-D: function "delay_ms" declared implicitly
        delay_ms(250);
..\HARDWARE\esp8266_cilent.c(148): warning:  #223-D: function "ESP8266_SendCmd" declared implicitly
        while(ESP8266_SendCmd("AT\r\n\r", "OK", 400))
..\HARDWARE\esp8266_cilent.c(164): error:  #20: identifier "esp8266_buf" is undefined
                if(esp8266_sys_cnt >= sizeof(esp8266_buf))      esp8266_sys_cnt = 0; //防止串口被刷爆
..\HARDWARE\esp8266_cilent.c(187): error:  #159: declaration is incompatible with previous "Usart1_SendString" (declared at line 60)
  void Usart1_SendString(unsigned char *str, unsigned short len)
..\HARDWARE\esp8266_cilent.c: 9 warnings, 9 errors
".\Objects\smartsystem.axf" - 9 Error(s), 9 Warning(s).
Target not created.
